<?xml version="1.0" encoding="UTF-8"?>
<!-- Generated by org.testng.reporters.JUnitReportReporter -->
<testsuite hostname="LAPTOP-DJARKLO9" failures="0" tests="1" name="com.comcast.crm.orgtest.CreateOrgWithPhone" time="23.471" errors="0" timestamp="2024-08-16T15:04:04 IST" skipped="0">
  <testcase classname="com.comcast.crm.orgtest.CreateOrgWithPhone" name="createOrgWithPhone" time="23.471"/>
  <system-out/>
</testsuite> <!-- com.comcast.crm.orgtest.CreateOrgWithPhone -->
