<?xml version="1.0" encoding="UTF-8"?>
<!-- Generated by org.testng.reporters.JUnitReportReporter -->
<testsuite hostname="LAPTOP-DJARKLO9" failures="0" tests="1" name="com.comcast.crm.contacttest.CreateContactWithDate" time="50.612" errors="0" timestamp="2024-08-22T12:48:32 IST" skipped="0">
  <testcase classname="com.comcast.crm.contacttest.CreateContactWithDate" name="createContactWithSuppDate" time="50.612"/>
  <system-out/>
</testsuite> <!-- com.comcast.crm.contacttest.CreateContactWithDate -->
