<?xml version="1.0" encoding="UTF-8"?>
<!-- Generated by org.testng.reporters.JUnitReportReporter -->
<testsuite hostname="LAPTOP-DJARKLO9" failures="0" tests="1" name="com.comcast.crm.contacttest.CreateContactWithOrganization" time="32.451" errors="0" timestamp="2024-08-16T15:16:19 IST" skipped="0">
  <testcase classname="com.comcast.crm.contacttest.CreateContactWithOrganization" name="createContactWithOrganization" time="32.451"/>
  <system-out/>
</testsuite> <!-- com.comcast.crm.contacttest.CreateContactWithOrganization -->
