<?xml version="1.0" encoding="UTF-8"?>
<!-- Generated by org.testng.reporters.JUnitReportReporter -->
<testsuite hostname="LAPTOP-DJARKLO9" failures="0" tests="3" name="com.comcast.crm.orgtest.CreateOrgTest" time="74.873" errors="0" timestamp="2024-09-02T13:30:39 IST" skipped="0">
  <testcase classname="com.comcast.crm.orgtest.CreateOrgTest" name="createOrgWithPhone" time="16.823"/>
  <system-out/>
  <testcase classname="com.comcast.crm.orgtest.CreateOrgTest" name="createOrgWithIndustry" time="42.317"/>
  <system-out/>
  <testcase classname="com.comcast.crm.orgtest.CreateOrgTest" name="createOrgWithOrgName" time="15.733"/>
  <system-out/>
</testsuite> <!-- com.comcast.crm.orgtest.CreateOrgTest -->
