<?xml version="1.0" encoding="UTF-8"?>
<!-- Generated by org.testng.reporters.JUnitReportReporter -->
<testsuite hostname="LAPTOP-DJARKLO9" failures="0" tests="1" name="com.comcast.crm.contacttest.CreateContactWithName" time="22.806" errors="0" timestamp="2024-08-16T15:17:30 IST" skipped="0">
  <testcase classname="com.comcast.crm.contacttest.CreateContactWithName" name="createContactWithName" time="22.806"/>
  <system-out/>
</testsuite> <!-- com.comcast.crm.contacttest.CreateContactWithName -->
