<?xml version="1.0" encoding="UTF-8"?>
<!-- Generated by org.testng.reporters.JUnitReportReporter -->
<testsuite hostname="LAPTOP-DJARKLO9" failures="0" tests="1" name="com.comcast.crm.orgtest.CreateOrgWithIndustry" time="24.136" errors="0" timestamp="2024-08-16T15:00:24 IST" skipped="0">
  <testcase classname="com.comcast.crm.orgtest.CreateOrgWithIndustry" name="createOrgWithIndustry" time="24.136"/>
  <system-out/>
</testsuite> <!-- com.comcast.crm.orgtest.CreateOrgWithIndustry -->
