<?xml version="1.0" encoding="UTF-8"?>
<!-- Generated by org.testng.reporters.JUnitReportReporter -->
<testsuite hostname="LAPTOP-DJARKLO9" failures="0" tests="1" name="com.comcast.crm.contacttest.Test1" time="0.011" errors="0" timestamp="2024-08-19T18:02:42 IST" skipped="0">
  <testcase classname="com.comcast.crm.contacttest.Test1" name="test" time="0.011"/>
  <system-out/>
</testsuite> <!-- com.comcast.crm.contacttest.Test1 -->
